SF:lib/common/exception.dart
DA:6,1
LF:1
LH:1
end_of_record
SF:lib/data/datasources/tv_remote_data_source.dart
DA:29,1
DA:31,1
DA:34,4
DA:36,2
DA:37,4
DA:39,1
DA:43,1
DA:45,4
DA:47,2
DA:48,3
DA:50,1
DA:54,1
DA:56,1
DA:57,3
DA:59,2
DA:60,4
DA:62,1
DA:66,1
DA:69,4
DA:71,2
DA:72,4
DA:74,1
DA:78,1
DA:81,4
DA:83,2
DA:84,4
DA:86,1
DA:90,1
DA:92,1
DA:93,3
DA:95,2
DA:96,4
DA:98,1
DA:102,1
DA:107,1
DA:108,3
DA:110,2
DA:111,3
DA:113,1
LF:39
LH:39
end_of_record
SF:lib/data/models/season_detail_model.dart
DA:8,3
DA:24,2
DA:25,2
DA:26,2
DA:27,2
DA:28,2
DA:29,2
DA:30,2
DA:31,2
DA:32,2
DA:33,8
DA:34,6
DA:35,2
DA:36,0
DA:39,2
DA:40,1
DA:41,5
DA:42,1
DA:43,1
DA:44,1
DA:45,1
DA:48,2
DA:49,1
DA:50,1
DA:51,2
DA:52,2
DA:53,1
DA:54,1
DA:55,1
DA:56,1
DA:59,1
DA:60,1
DA:61,1
DA:62,1
DA:65,2
DA:66,2
DA:67,2
DA:68,2
DA:69,2
DA:70,2
DA:71,2
LF:41
LH:40
end_of_record
SF:lib/data/models/tv_detail_model.dart
DA:10,2
DA:42,1
DA:43,1
DA:44,1
DA:45,1
DA:46,4
DA:48,1
DA:49,4
DA:50,1
DA:51,1
DA:52,1
DA:53,1
DA:54,1
DA:55,1
DA:56,2
DA:57,1
DA:58,1
DA:59,2
DA:60,1
DA:61,4
DA:64,0
DA:65,0
DA:66,0
DA:67,0
DA:68,0
DA:69,0
DA:70,0
DA:71,0
DA:72,0
DA:73,0
DA:74,0
DA:75,0
DA:76,0
DA:77,0
DA:78,0
DA:79,0
DA:82,1
DA:83,1
DA:84,1
DA:85,1
DA:86,1
DA:87,1
DA:88,1
DA:89,1
DA:90,1
DA:91,1
DA:92,1
DA:93,3
DA:94,4
DA:96,1
DA:97,1
DA:98,1
DA:99,1
DA:100,1
DA:101,3
DA:102,1
DA:103,1
DA:104,1
DA:105,1
DA:106,1
DA:107,1
DA:109,1
DA:110,2
DA:116,1
DA:118,1
DA:119,1
DA:120,1
DA:121,1
DA:122,1
DA:123,1
DA:124,1
DA:125,1
DA:126,1
DA:127,1
DA:128,1
DA:129,1
DA:130,1
DA:131,1
LF:78
LH:62
end_of_record
SF:lib/data/models/tv_response.dart
DA:7,1
DA:9,2
DA:10,2
DA:11,3
DA:12,3
DA:15,0
DA:16,0
DA:19,0
DA:20,0
LF:9
LH:5
end_of_record
SF:lib/common/failure.dart
DA:6,8
DA:8,1
DA:9,2
DA:13,14
DA:17,2
DA:21,2
LF:6
LH:6
end_of_record
SF:lib/data/datasources/db/database_helper.dart
DA:9,0
DA:13,0
DA:17,0
DA:19,0
DA:26,0
DA:27,0
DA:28,0
DA:30,0
DA:34,0
DA:35,0
DA:43,0
DA:46,0
DA:47,0
DA:48,0
DA:51,0
DA:52,0
DA:53,0
DA:56,0
DA:60,0
DA:62,0
DA:63,0
DA:66,0
DA:69,0
DA:70,0
DA:76,0
DA:77,0
DA:78,0
LF:27
LH:0
end_of_record
SF:lib/data/datasources/tv_local_data_source.dart
DA:15,1
DA:17,1
DA:20,2
DA:23,2
DA:27,1
DA:30,3
DA:33,2
DA:37,1
DA:39,2
DA:41,1
DA:47,1
DA:49,2
DA:50,4
LF:13
LH:13
end_of_record
SF:lib/data/models/tv_model.dart
DA:6,3
DA:34,2
DA:35,1
DA:36,2
DA:37,1
DA:38,1
DA:39,2
DA:40,1
DA:41,4
DA:42,4
DA:43,1
DA:44,1
DA:45,1
DA:46,1
DA:49,0
DA:50,0
DA:51,0
DA:52,0
DA:53,0
DA:54,0
DA:55,0
DA:56,0
DA:57,0
DA:58,0
DA:59,0
DA:60,0
DA:61,0
DA:64,2
DA:65,2
DA:66,2
DA:67,2
DA:68,2
DA:69,2
DA:70,2
DA:71,2
DA:72,2
DA:73,2
DA:74,2
DA:75,2
DA:76,2
DA:77,2
DA:81,1
DA:82,1
DA:83,1
DA:84,1
DA:85,1
DA:86,1
DA:87,1
DA:88,1
DA:89,1
DA:90,1
DA:91,1
DA:92,1
DA:93,1
DA:94,1
LF:55
LH:42
end_of_record
SF:lib/data/models/tv_table.dart
DA:13,2
DA:21,0
DA:22,0
DA:23,0
DA:24,0
DA:25,0
DA:29,2
DA:30,1
DA:31,1
DA:32,1
DA:33,1
DA:34,1
DA:37,0
DA:38,0
DA:39,0
DA:40,0
DA:41,0
DA:45,2
DA:46,1
DA:47,1
DA:48,1
DA:49,1
DA:52,1
DA:54,5
LF:24
LH:14
end_of_record
SF:lib/domain/entities/season_detail.dart
DA:6,1
DA:22,1
DA:23,1
DA:24,1
DA:25,1
DA:26,1
DA:27,1
DA:28,1
LF:8
LH:8
end_of_record
SF:lib/domain/entities/tv.dart
DA:4,9
DA:19,1
DA:39,8
DA:40,8
DA:41,8
DA:42,8
DA:43,8
DA:44,8
DA:45,8
DA:46,8
DA:47,8
DA:48,8
DA:49,8
DA:50,8
DA:51,8
DA:52,8
LF:16
LH:16
end_of_record
SF:lib/domain/entities/tv_detail.dart
DA:7,6
DA:39,2
DA:40,2
DA:41,2
DA:42,2
DA:43,2
DA:44,2
DA:45,2
DA:46,2
DA:47,2
DA:48,2
DA:49,2
DA:50,2
DA:51,2
DA:52,2
DA:53,2
DA:54,2
LF:17
LH:17
end_of_record
SF:lib/data/models/episode_model.dart
DA:4,3
DA:16,4
DA:17,2
DA:18,2
DA:19,2
DA:20,2
DA:23,2
DA:24,1
DA:25,1
DA:26,1
DA:27,1
DA:30,2
DA:31,2
DA:32,2
DA:33,2
DA:34,2
DA:35,2
LF:17
LH:17
end_of_record
SF:lib/data/models/genre_model.dart
DA:6,3
DA:14,2
DA:15,1
DA:16,1
DA:19,2
DA:20,1
DA:21,1
DA:24,1
DA:25,3
DA:28,1
DA:29,3
LF:11
LH:11
end_of_record
SF:lib/domain/entities/genre.dart
DA:4,7
DA:12,3
DA:13,9
LF:3
LH:3
end_of_record
SF:lib/domain/entities/episode.dart
DA:4,1
DA:16,1
DA:17,1
DA:18,1
DA:19,1
DA:20,1
DA:21,1
LF:7
LH:7
end_of_record
SF:lib/data/models/season_model.dart
DA:6,3
DA:22,2
DA:23,1
DA:24,1
DA:25,1
DA:26,1
DA:27,1
DA:28,1
DA:31,2
DA:32,1
DA:33,1
DA:34,1
DA:35,1
DA:36,1
DA:37,1
DA:40,1
DA:41,1
DA:42,1
DA:43,1
DA:44,1
DA:45,1
DA:46,1
DA:47,1
DA:51,1
DA:52,1
DA:53,1
DA:54,1
DA:55,1
DA:56,1
DA:57,1
DA:58,1
LF:31
LH:31
end_of_record
SF:lib/domain/entities/season.dart
DA:4,7
DA:20,3
DA:22,3
DA:23,3
DA:24,3
DA:25,3
DA:26,3
DA:27,3
DA:28,3
LF:9
LH:9
end_of_record
SF:lib/data/repositories/tv_repository_impl.dart
DA:18,1
DA:23,1
DA:26,2
DA:27,5
DA:28,1
DA:29,2
DA:30,1
DA:31,2
DA:33,0
DA:37,1
DA:40,2
DA:41,2
DA:42,1
DA:43,2
DA:44,1
DA:45,2
DA:47,0
DA:51,1
DA:54,2
DA:55,3
DA:56,1
DA:57,2
DA:58,1
DA:59,2
DA:61,0
DA:65,1
DA:68,2
DA:69,5
DA:70,1
DA:71,2
DA:72,1
DA:73,2
DA:75,0
DA:79,1
DA:82,2
DA:83,5
DA:84,1
DA:85,2
DA:86,1
DA:87,2
DA:89,0
DA:93,1
DA:96,2
DA:97,5
DA:98,1
DA:99,2
DA:100,1
DA:101,2
DA:103,0
DA:107,0
DA:111,0
DA:112,0
DA:113,0
DA:114,0
DA:120,0
DA:124,0
DA:125,0
DA:126,0
DA:127,0
DA:131,1
DA:133,2
DA:137,1
DA:139,2
DA:140,5
DA:143,0
DA:147,0
DA:151,0
DA:152,0
DA:153,0
DA:154,0
DA:155,0
LF:71
LH:48
end_of_record
SF:lib/domain/usecases/save_watchlist_tv.dart
DA:10,1
DA:12,1
DA:13,2
LF:3
LH:3
end_of_record
SF:lib/domain/usecases/search_tv.dart
DA:10,1
DA:12,1
DA:13,2
LF:3
LH:3
end_of_record
SF:lib/domain/usecases/get_top_rated_tv.dart
DA:10,1
DA:12,1
DA:13,2
LF:3
LH:3
end_of_record
SF:lib/domain/usecases/get_tv_recommendations.dart
DA:10,1
DA:12,1
DA:13,2
LF:3
LH:3
end_of_record
SF:lib/domain/usecases/remove_watchlist_tv.dart
DA:10,1
DA:12,1
DA:13,2
LF:3
LH:3
end_of_record
SF:lib/domain/usecases/get_popular_tv.dart
DA:10,1
DA:12,1
DA:13,2
LF:3
LH:3
end_of_record
SF:lib/domain/usecases/get_now_playing_tv.dart
DA:10,1
DA:12,1
DA:13,2
LF:3
LH:3
end_of_record
SF:lib/domain/usecases/get_watchlist_tv.dart
DA:10,1
DA:12,1
DA:13,2
LF:3
LH:3
end_of_record
SF:lib/domain/usecases/get_tv_detail.dart
DA:10,1
DA:12,1
DA:13,2
LF:3
LH:3
end_of_record
SF:lib/domain/usecases/get_watchlist_status_tv.dart
DA:6,1
DA:8,1
DA:9,2
LF:3
LH:3
end_of_record
SF:lib/presentation/bloc/tv_popular/tv_popular_bloc.dart
DA:13,1
DA:15,2
DA:16,2
DA:17,2
DA:19,2
DA:21,1
DA:22,4
DA:23,3
LF:8
LH:8
end_of_record
SF:lib/presentation/bloc/tv_popular/tv_popular_state.dart
DA:4,1
DA:6,1
DA:7,1
DA:17,1
DA:19,1
DA:20,2
DA:26,1
DA:28,1
DA:29,2
LF:9
LH:9
end_of_record
SF:lib/presentation/bloc/tv_popular/tv_popular_event.dart
DA:4,1
DA:6,0
DA:7,0
LF:3
LH:1
end_of_record
SF:lib/presentation/bloc/tv_now_playing/tv_now_playing_state.dart
DA:4,1
DA:6,1
DA:7,1
DA:17,1
DA:19,1
DA:20,2
DA:26,1
DA:28,1
DA:29,2
LF:9
LH:9
end_of_record
SF:lib/presentation/bloc/tv_now_playing/tv_now_playing_bloc.dart
DA:13,1
DA:15,2
DA:16,2
DA:17,2
DA:19,2
DA:21,1
DA:22,4
DA:23,3
LF:8
LH:8
end_of_record
SF:lib/presentation/bloc/tv_now_playing/tv_now_playing_event.dart
DA:4,1
DA:6,0
DA:7,0
LF:3
LH:1
end_of_record
SF:lib/presentation/bloc/tv_search/tv_search_state.dart
DA:4,1
DA:6,1
DA:7,1
DA:17,1
DA:19,1
DA:20,2
DA:26,1
DA:28,1
DA:29,2
LF:9
LH:9
end_of_record
SF:lib/presentation/bloc/tv_search/tv_search_event.dart
DA:4,1
DA:6,0
DA:7,0
DA:13,1
DA:15,0
DA:16,0
LF:6
LH:2
end_of_record
SF:lib/presentation/bloc/tv_search/tv_search_bloc.dart
DA:13,1
DA:16,2
DA:17,1
DA:18,1
DA:19,2
DA:21,3
DA:23,1
DA:24,4
DA:25,3
DA:29,1
LF:10
LH:10
end_of_record
SF:lib/presentation/bloc/tv_detail/tv_detail_watchlist/tv_detail_watchlist_bloc.dart
DA:22,1
DA:29,2
DA:30,1
DA:31,1
DA:32,3
DA:33,1
DA:34,4
DA:35,3
DA:39,1
DA:40,1
DA:41,3
DA:42,1
DA:43,4
DA:44,3
DA:48,1
DA:49,1
DA:50,3
DA:52,2
DA:54,2
LF:19
LH:19
end_of_record
SF:lib/presentation/bloc/tv_detail/tv_detail_watchlist/tv_detail_watchlist_event.dart
DA:4,1
DA:10,1
DA:12,0
DA:13,0
DA:19,1
DA:21,0
DA:22,0
DA:28,1
DA:30,0
DA:31,0
LF:10
LH:4
end_of_record
SF:lib/presentation/bloc/tv_detail/tv_detail_watchlist/tv_detail_watchlist_state.dart
DA:4,1
DA:6,1
DA:7,1
DA:17,1
DA:19,1
DA:20,2
LF:6
LH:6
end_of_record
SF:lib/presentation/bloc/tv_list/tv_list_state.dart
DA:4,1
DA:6,1
DA:7,1
DA:17,1
DA:19,1
DA:20,2
DA:28,1
DA:34,1
DA:35,1
DA:36,1
DA:37,1
DA:38,1
LF:12
LH:12
end_of_record
SF:lib/presentation/bloc/tv_list/tv_list_bloc.dart
DA:17,1
DA:24,2
DA:25,2
DA:26,2
DA:27,2
DA:28,2
DA:29,2
DA:31,1
DA:32,4
DA:33,1
DA:34,1
DA:35,0
DA:36,0
DA:38,1
DA:39,1
DA:40,0
DA:41,0
DA:43,2
DA:44,1
LF:19
LH:15
end_of_record
SF:lib/presentation/bloc/tv_list/tv_list_event.dart
DA:4,1
DA:6,0
DA:7,0
LF:3
LH:1
end_of_record
SF:lib/presentation/bloc/tv_top_rated/tv_top_rated_state.dart
DA:4,1
DA:6,1
DA:7,1
DA:17,1
DA:19,1
DA:20,2
DA:26,1
DA:28,1
DA:29,2
LF:9
LH:9
end_of_record
SF:lib/presentation/bloc/tv_top_rated/tv_top_rated_event.dart
DA:4,1
DA:6,0
DA:7,0
LF:3
LH:1
end_of_record
SF:lib/presentation/bloc/tv_top_rated/tv_top_rated_bloc.dart
DA:13,1
DA:15,2
DA:16,2
DA:17,2
DA:19,2
DA:21,1
DA:22,4
DA:23,3
LF:8
LH:8
end_of_record
SF:lib/presentation/bloc/tv_detail/tv_detail_event.dart
DA:4,1
DA:10,1
DA:12,0
DA:13,0
LF:4
LH:2
end_of_record
SF:lib/presentation/bloc/tv_detail/tv_detail_state.dart
DA:4,1
DA:6,1
DA:7,1
DA:17,1
DA:19,1
DA:20,2
DA:27,1
DA:32,1
DA:33,3
LF:9
LH:9
end_of_record
SF:lib/presentation/bloc/tv_detail/tv_detail_bloc.dart
DA:16,1
DA:21,2
DA:22,2
DA:23,2
DA:24,3
DA:25,3
DA:27,1
DA:28,4
DA:29,1
DA:30,1
DA:31,0
DA:32,0
DA:34,1
DA:35,2
LF:14
LH:12
end_of_record
